CLIENT_HANDSHAKE_TRAFFIC_SECRET b4c7d83d6f4d7c9b3de485c376e81e4f39d74411166d68a22a685e522cf79be5 f4c24cebd2a1648dfb43464b2e90b49d22d7c9afbefa2b268f48db8cce2db755
SERVER_HANDSHAKE_TRAFFIC_SECRET b4c7d83d6f4d7c9b3de485c376e81e4f39d74411166d68a22a685e522cf79be5 983184aff6ae9c7f0f4c30e4402c01e1a04044c962bf4d0e8e49928060ebe80d
CLIENT_HANDSHAKE_TRAFFIC_SECRET 2d659a5d1e7519d2d14ff08d8d08ff482b610a0bfd4d2b5b9eafd07cc7ed143e 0bcb67067374c2dbe7f2bab7c18f7be1e5ab79c8acf0c6d01595df8976a982c9
SERVER_HANDSHAKE_TRAFFIC_SECRET 2d659a5d1e7519d2d14ff08d8d08ff482b610a0bfd4d2b5b9eafd07cc7ed143e 668106a9be46a08ea235ad886938b6151bd38d52225c98397944046d2c657e04
CLIENT_TRAFFIC_SECRET_0 b4c7d83d6f4d7c9b3de485c376e81e4f39d74411166d68a22a685e522cf79be5 fcaf283cb5fded9737850ba697bd62bf8c9c5360effff491ba31278569a5f212
SERVER_TRAFFIC_SECRET_0 b4c7d83d6f4d7c9b3de485c376e81e4f39d74411166d68a22a685e522cf79be5 c33a01c8b459a2dd2c94527fa8fcdbacf8ad48993d9a4e26becc476af35af682
EXPORTER_SECRET b4c7d83d6f4d7c9b3de485c376e81e4f39d74411166d68a22a685e522cf79be5 b990ab5c7d48a8ff325692ec7f4370c23a0a50485fd526f0abbc48a4db884b34
CLIENT_TRAFFIC_SECRET_0 2d659a5d1e7519d2d14ff08d8d08ff482b610a0bfd4d2b5b9eafd07cc7ed143e 10a36556172bb436751f0b45505be290aefed302d58a5ea05e3af11f0833097d
SERVER_TRAFFIC_SECRET_0 2d659a5d1e7519d2d14ff08d8d08ff482b610a0bfd4d2b5b9eafd07cc7ed143e fa655d98b0ffdb5507faf5dd5890b35f9ee868a882e3f671883d6e4ca85b1626
EXPORTER_SECRET 2d659a5d1e7519d2d14ff08d8d08ff482b610a0bfd4d2b5b9eafd07cc7ed143e 57f1fc5ede8420faa9f2070beb63205a28b7c6da5fde00211984a49a64849789
CLIENT_HANDSHAKE_TRAFFIC_SECRET d81b22e9d5b30a18c1e7d96614ad68e2b58cfde58d8c55427725d70174801b99 5006391e39e6c6eae077ddeb03e354c2e2846097be01382307419cda040ad7df
SERVER_HANDSHAKE_TRAFFIC_SECRET d81b22e9d5b30a18c1e7d96614ad68e2b58cfde58d8c55427725d70174801b99 debbe7bf4e65f5e7aaadb7d7affbcdcc2fe9cefe0dfa2df5a6b3d8d5a903cba9
CLIENT_HANDSHAKE_TRAFFIC_SECRET cfaf10ba694018bb15c436f6c87f69512a7c89172bae077f1cff0c882dd5f7e2 16bbc25602e1f93e2821db60b079a367ef759463fed78cdd028c3267cfabc444
SERVER_HANDSHAKE_TRAFFIC_SECRET cfaf10ba694018bb15c436f6c87f69512a7c89172bae077f1cff0c882dd5f7e2 6bf1c23ed02717b18818957dce21dc1e393b29190c925d6683873b74c242f64f
CLIENT_HANDSHAKE_TRAFFIC_SECRET 480ae72e1e0deb47c61001418c9e2a55bf28a34f6cdc4e7909b36888d28a58ad 42345b53cc24cd2bc758155e2dd8234304b8996f9c6cbfbc58c18d96e510b937
SERVER_HANDSHAKE_TRAFFIC_SECRET 480ae72e1e0deb47c61001418c9e2a55bf28a34f6cdc4e7909b36888d28a58ad 8069ad0791058c2d6b3958111857ad07fe50fbbd9a221beaddcfd67bed119347
CLIENT_TRAFFIC_SECRET_0 d81b22e9d5b30a18c1e7d96614ad68e2b58cfde58d8c55427725d70174801b99 20e259eedca638b29ba470fab2f6dec19e30ac1298d16ee0f806d2db932fa902
SERVER_TRAFFIC_SECRET_0 d81b22e9d5b30a18c1e7d96614ad68e2b58cfde58d8c55427725d70174801b99 99a9c084f7ba512b3dd0705ce9feaa3bede8eae3c8a86e3fb5d0f512bf732ca3
EXPORTER_SECRET d81b22e9d5b30a18c1e7d96614ad68e2b58cfde58d8c55427725d70174801b99 70609ecd87d18e5b22204e2f94192da5d42ec814f3e3b3290111c7506e2aa661
CLIENT_TRAFFIC_SECRET_0 cfaf10ba694018bb15c436f6c87f69512a7c89172bae077f1cff0c882dd5f7e2 5452eda6f9ea8cc1d7a81b460ba5a87b2380af7048625e606a5f0881aefe1019
SERVER_TRAFFIC_SECRET_0 cfaf10ba694018bb15c436f6c87f69512a7c89172bae077f1cff0c882dd5f7e2 2d2b4901c8f820004f0c84e1365cd2d269e27cc600c97d4fa9531c93403f78ee
EXPORTER_SECRET cfaf10ba694018bb15c436f6c87f69512a7c89172bae077f1cff0c882dd5f7e2 07ba6f1be6fd2cf7e3467fc7a22af0cfac6f583b274468d6a4c3868ea8ce9f33
CLIENT_TRAFFIC_SECRET_0 480ae72e1e0deb47c61001418c9e2a55bf28a34f6cdc4e7909b36888d28a58ad 9c86d376aa1e411edfa5ff17062bdfe95bceaaab9b19cb9cad0f5885d338e033
SERVER_TRAFFIC_SECRET_0 480ae72e1e0deb47c61001418c9e2a55bf28a34f6cdc4e7909b36888d28a58ad 1a0e77af9ccb2a273f6c95086996f47c2f2b060e9f56cbb77f2b2c497e21e931
EXPORTER_SECRET 480ae72e1e0deb47c61001418c9e2a55bf28a34f6cdc4e7909b36888d28a58ad f6751ad47bae97bfed0436efc29ae8bd088b52b26469e110086f21aaedc83617
CLIENT_HANDSHAKE_TRAFFIC_SECRET d1225eeb0fecefd6bc50fc7a9143d3386925b0945cd0416073938422119be3b6 cfbe88b2d30f83534ca0aff167dc83fea7ab17d638d17275326c00fead195272
SERVER_HANDSHAKE_TRAFFIC_SECRET d1225eeb0fecefd6bc50fc7a9143d3386925b0945cd0416073938422119be3b6 c48e41c9f2a47f18559e717e574ac6e888d8ace20fd92462784d8ab382238dd2
CLIENT_TRAFFIC_SECRET_0 d1225eeb0fecefd6bc50fc7a9143d3386925b0945cd0416073938422119be3b6 a5633c54c9fb382266b663041db2b2fa787e50ea73234d5a26d46b1470e98490
SERVER_TRAFFIC_SECRET_0 d1225eeb0fecefd6bc50fc7a9143d3386925b0945cd0416073938422119be3b6 1bfda0f09a40cf2b65ab8208a33d678f7c6eb71bde64932c034569bcb6e18db2
EXPORTER_SECRET d1225eeb0fecefd6bc50fc7a9143d3386925b0945cd0416073938422119be3b6 1c7066abdc9a74003a3957ea2ecfad8989e2d6490cea2bd0a35112c525e17c46
CLIENT_HANDSHAKE_TRAFFIC_SECRET 5225dfdc4a65f437a093ea4640fb1272e08d43d35bc6738509c8106bfcb38ee6 77d5ca44c4453cda385d6b5e2cad3fa2f45aa8debade155ce5b4c7f14e083e0d
SERVER_HANDSHAKE_TRAFFIC_SECRET 5225dfdc4a65f437a093ea4640fb1272e08d43d35bc6738509c8106bfcb38ee6 d8cd64aa6f3d72511aa9018ae6673f5eaac619a214fadb9d72732625f1405b7a
CLIENT_TRAFFIC_SECRET_0 5225dfdc4a65f437a093ea4640fb1272e08d43d35bc6738509c8106bfcb38ee6 9f17988fd70d788f16a4298ab2bd0844b9cb156f3fe525495188788159d352f5
SERVER_TRAFFIC_SECRET_0 5225dfdc4a65f437a093ea4640fb1272e08d43d35bc6738509c8106bfcb38ee6 bf963f06f27c2f538d54ca7a5897f94666f46af29cbb2ffbfcc49ac05f52c718
EXPORTER_SECRET 5225dfdc4a65f437a093ea4640fb1272e08d43d35bc6738509c8106bfcb38ee6 cf299b8c10a8483e9637e285a6507f94ab69ea5e78d1214d71771feffbb8b535
CLIENT_HANDSHAKE_TRAFFIC_SECRET 3bba87fc5f99b9bc87029e9b09263fa43266aa2a4b95f764a0ae33092d451725 1a25caaace75f1ae8bc5a20a95adcfe356abeebc34a14ba5d8b117aac9fb6b4b
SERVER_HANDSHAKE_TRAFFIC_SECRET 3bba87fc5f99b9bc87029e9b09263fa43266aa2a4b95f764a0ae33092d451725 b9c108c86c51b9b71924dfd5cb2146455197f9e31d19dbb031f0b1456554fa27
CLIENT_TRAFFIC_SECRET_0 3bba87fc5f99b9bc87029e9b09263fa43266aa2a4b95f764a0ae33092d451725 afb611062b0e1ede1eed66860cfcd76654c0c89a5a1669d0a11bb554e5ba1db8
SERVER_TRAFFIC_SECRET_0 3bba87fc5f99b9bc87029e9b09263fa43266aa2a4b95f764a0ae33092d451725 0825488023dd6402542ae09fe81d2a5edd2467f4700a5a74eb06cc99084bb09c
EXPORTER_SECRET 3bba87fc5f99b9bc87029e9b09263fa43266aa2a4b95f764a0ae33092d451725 54e425d70db912a5c394a7777ad1e7989c1889a8252ba104a0941895e9aa17e1
CLIENT_HANDSHAKE_TRAFFIC_SECRET 7ea7b26f6a71a1fcde10465e3069154301597e9b8d23e4eb49e614c74186ef8d 3d27294a93a5caba8ed45f731a615a76cbfa5fd82bf97a1623dbf7a8cb2eec30
SERVER_HANDSHAKE_TRAFFIC_SECRET 7ea7b26f6a71a1fcde10465e3069154301597e9b8d23e4eb49e614c74186ef8d 1c9b6319b1a0e9b4187d50ab058833905c666812cd35f0c1fe7357e8150f0e00
CLIENT_TRAFFIC_SECRET_0 7ea7b26f6a71a1fcde10465e3069154301597e9b8d23e4eb49e614c74186ef8d b587269197fd3758de9b10fda0f091476a512aac627b45ab8ea49686ae7d12b4
SERVER_TRAFFIC_SECRET_0 7ea7b26f6a71a1fcde10465e3069154301597e9b8d23e4eb49e614c74186ef8d 70a2052e1f8d62417185eb5b4baf39772fd16db4fa552ea2629801ff116bda8a
EXPORTER_SECRET 7ea7b26f6a71a1fcde10465e3069154301597e9b8d23e4eb49e614c74186ef8d 443882f911826b6af9a5d9c66ff3ddab0caa9fce6fc4726f070bb7e51da2f6c9
CLIENT_RANDOM d5bc1eda496b1cbc5c16c3f8a086ed2718b8846f0847d580af2075002c46e005 e65f65d77f145e5d572c0c359136153df6c080f6db6920314c967944c5408463b9a888eea33541f2bfed9d6862619ac7
CLIENT_HANDSHAKE_TRAFFIC_SECRET 32069532afe694dde9e91b2614bf855674c25dad78e303f2ea176fef0449dc2a 3201966a8a3ccd857651db0f4466116dc5bf3de57dbcf387916fa3340cfcd594
SERVER_HANDSHAKE_TRAFFIC_SECRET 32069532afe694dde9e91b2614bf855674c25dad78e303f2ea176fef0449dc2a a7c2c3ffa3ead157dc5e09440c8bc920730219e1445f4ec006792101e10b67c6
CLIENT_HANDSHAKE_TRAFFIC_SECRET 74c39ea5ae044e0d4329b5cf51bc849e20625c364c85535ee9ab8185e20ff567 df36b5c87361039bbfcbf6b610174c20998ac836c5396a60cd4f85af23736b28
SERVER_HANDSHAKE_TRAFFIC_SECRET 74c39ea5ae044e0d4329b5cf51bc849e20625c364c85535ee9ab8185e20ff567 d3206e10afa6a46b91d43bc95e9957642f26ab2421d6e0d507682b5f0b638f82
CLIENT_TRAFFIC_SECRET_0 32069532afe694dde9e91b2614bf855674c25dad78e303f2ea176fef0449dc2a 15d5d5e496581f1566ca276bbefd0f8002a58d697c56cd4a3f3ce5296c663795
SERVER_TRAFFIC_SECRET_0 32069532afe694dde9e91b2614bf855674c25dad78e303f2ea176fef0449dc2a cb168ae5beb9d4f146d144b2d84d08db328bf8648c545d3af721588f37cb9903
EXPORTER_SECRET 32069532afe694dde9e91b2614bf855674c25dad78e303f2ea176fef0449dc2a 0aa32eda5684425088bcdcff58f9787e045a809e552280f69461d3b874f7eecd
CLIENT_TRAFFIC_SECRET_0 74c39ea5ae044e0d4329b5cf51bc849e20625c364c85535ee9ab8185e20ff567 07110f2e929e2592ea41df2effd2370b5141857f98a5392f8e68486770dc8916
SERVER_TRAFFIC_SECRET_0 74c39ea5ae044e0d4329b5cf51bc849e20625c364c85535ee9ab8185e20ff567 b821bd84a329a2239a91aa3659660a904428589cbf87c8ffc48f56469854c105
EXPORTER_SECRET 74c39ea5ae044e0d4329b5cf51bc849e20625c364c85535ee9ab8185e20ff567 1de79379fada43aed566000cec1731aef59d65aac029f0984a52709eb69c7681
CLIENT_HANDSHAKE_TRAFFIC_SECRET 2a2efbe6ed3c4dcfc9ef57abb07288907030d76e91cdc38f1e9cadac6820d26e de4eb9e8e29315376ecdba9c0805e3099445454e4131c45b23a01ebc158515ad
SERVER_HANDSHAKE_TRAFFIC_SECRET 2a2efbe6ed3c4dcfc9ef57abb07288907030d76e91cdc38f1e9cadac6820d26e 67f8d24fc96332cee5d2fb8ab7a21083fa41eac1a1a6e2922f486d0d33c07805
CLIENT_HANDSHAKE_TRAFFIC_SECRET ddc6857abd7830642ccb722dd197ef4800ef8f1ab6fdeacdd13e9354c0bb3aac 46d0cfe3c5adf21074de33afe336ed31c9dccb6f1308b12c8ef61d7c9235d675
SERVER_HANDSHAKE_TRAFFIC_SECRET ddc6857abd7830642ccb722dd197ef4800ef8f1ab6fdeacdd13e9354c0bb3aac 04f14749ef3476023fa69a8a86687eb4de504c72e6e50cdf8cc32518f8fe6e41
CLIENT_TRAFFIC_SECRET_0 ddc6857abd7830642ccb722dd197ef4800ef8f1ab6fdeacdd13e9354c0bb3aac f10ab17a0a2d2c3014d53e591036efb9892cbefaa2b28578d268f94767d39d1a
SERVER_TRAFFIC_SECRET_0 ddc6857abd7830642ccb722dd197ef4800ef8f1ab6fdeacdd13e9354c0bb3aac b0e15328da73b17f2a4df4c6628b64516ae0e96761822eeaa96d3170aa97c73f
EXPORTER_SECRET ddc6857abd7830642ccb722dd197ef4800ef8f1ab6fdeacdd13e9354c0bb3aac 0af0f2d5fc823267bdc72459442b89fc1b52da1a211472ca54dbc5fe48f14f67
CLIENT_TRAFFIC_SECRET_0 2a2efbe6ed3c4dcfc9ef57abb07288907030d76e91cdc38f1e9cadac6820d26e a9eff01e416e5f2111a5de1593380b2d671f80b4a3597fe5ea98af6ee0be4ca6
SERVER_TRAFFIC_SECRET_0 2a2efbe6ed3c4dcfc9ef57abb07288907030d76e91cdc38f1e9cadac6820d26e 91333e4edaf1f48b2f11b1ab1f467db14eb1d82686a468a7d0b49088586ef7f1
EXPORTER_SECRET 2a2efbe6ed3c4dcfc9ef57abb07288907030d76e91cdc38f1e9cadac6820d26e b3f564dcb96277ee21858c58fb62225bcf7cee63f8086a0dc464259128691237
CLIENT_HANDSHAKE_TRAFFIC_SECRET 8742a2b5db16ad2d98261da5a17568984167e716f60665385e2df377a4c30c74 5ed65078243b95e8a463715a2691b539a8efec629ce099db65ff4bbaf8d2162c
SERVER_HANDSHAKE_TRAFFIC_SECRET 8742a2b5db16ad2d98261da5a17568984167e716f60665385e2df377a4c30c74 ae0bcddc4226acda1e9ed00ed3ceca0ab2a27d0514644c62e64b4d084d7d9eff
CLIENT_RANDOM 51fc36833f0234b3f51596843449b4c3d9b42daed01d17b882395cbf12cc2eeb 3d15ababec66172c4b1834a429e5154af658b93664548a6cd63e9126982f0028c807c59ad81d80ddca2e524bc0dbc460
CLIENT_RANDOM 7bed0796ed19f7857488a1d0feb159c6c016cf1f95f66fd1f8ab1f808f96a7b5 27a02a5df5337c0bfcc69d08a5a416589d444eb412e68836d0e60e13af6981880d1393632e69d06a5ef14486915d0872
CLIENT_RANDOM e0f41bf195218639e21430ecd88095341683dad1936ce25707965491b5410144 945fe875fb1a1452f9f4a87e589a565436066707e956ea138d6d77c08287902724c441767100ebc041a499676ba5a14d
CLIENT_RANDOM cedba0abde5615d6c675f9693f708fc74ff5201f0068a54b785c9d9022a92789 2c66c9eae363b2ef149f996662e064ae4332e4c7a5ae67d892fe8fb5a126564b438b2cbca28bc3a054382641a43aaeb9
CLIENT_HANDSHAKE_TRAFFIC_SECRET a006f61a0eae71ab9a56accd78dffa0e46b76575940bdd8682739bec35c672dd 06db05c55bd04c401c25e7f039552dd750b99af87f5b47aef7e84c830b49f0a5
SERVER_HANDSHAKE_TRAFFIC_SECRET a006f61a0eae71ab9a56accd78dffa0e46b76575940bdd8682739bec35c672dd 3bd567956f789615d717b4b2bb1fcdacc0931a4c62f20cf9902b221ce6fa3f45
CLIENT_TRAFFIC_SECRET_0 a006f61a0eae71ab9a56accd78dffa0e46b76575940bdd8682739bec35c672dd 1e775b20cdf7780520d512a843a833f4be05bb1cdd8d6f3b5a3b1e0e5acccd3c
SERVER_TRAFFIC_SECRET_0 a006f61a0eae71ab9a56accd78dffa0e46b76575940bdd8682739bec35c672dd 21dc54dfaf1159493b696eadc349ec048af7dae51515250871a0b6fafd5a5993
EXPORTER_SECRET a006f61a0eae71ab9a56accd78dffa0e46b76575940bdd8682739bec35c672dd 40c79d61416f2225cb2b32c0ccd210b4207508c09e830981916d0613471bf6c2
CLIENT_HANDSHAKE_TRAFFIC_SECRET 8b81e51f9452fd01ea49dce086ee62e5fdc4619438958108e813fa106f4c8968 7fb877a9626d0c9c5b6ce78210b7e023ffda1e14c1b97e05f7a71c110cad525a
SERVER_HANDSHAKE_TRAFFIC_SECRET 8b81e51f9452fd01ea49dce086ee62e5fdc4619438958108e813fa106f4c8968 4a8d364f290adc5fae813aeff57a118759a8f764d140e0709907bc640c5b8f8a
CLIENT_TRAFFIC_SECRET_0 8b81e51f9452fd01ea49dce086ee62e5fdc4619438958108e813fa106f4c8968 0e7cb8063ffc8bbebdef2deb13822047f04de3f0f41093eedb2b87a05e80bdd3
SERVER_TRAFFIC_SECRET_0 8b81e51f9452fd01ea49dce086ee62e5fdc4619438958108e813fa106f4c8968 7f978938ee7de2d53447a5f9672b266ffb7c8802fb862150cd85b6272f689202
EXPORTER_SECRET 8b81e51f9452fd01ea49dce086ee62e5fdc4619438958108e813fa106f4c8968 71f0a19e65f0abb9ff2888aeb3e0df1559748a7e27db9468e4795757911daf81
CLIENT_RANDOM c7a1fded9eed03b3d24b3cb019d63b13f221d197fb45718cf826b0a998f5937e e65f65d77f145e5d572c0c359136153df6c080f6db6920314c967944c5408463b9a888eea33541f2bfed9d6862619ac7
CLIENT_HANDSHAKE_TRAFFIC_SECRET 3d6872aff1830874226784519c59b23d40cb093611d30e60cde995b08856fede f87860e2a0964c63a74fee63d77f477fba84eaa66d08a3c10a86fe4439356b9e
SERVER_HANDSHAKE_TRAFFIC_SECRET 3d6872aff1830874226784519c59b23d40cb093611d30e60cde995b08856fede 0939a151c449f1feae2a7a1f96eabc09e953670e47e3b54bd1927d5abeabbae0
CLIENT_HANDSHAKE_TRAFFIC_SECRET 60345e74f2e9efacb30bf03e9476d3b4560526c4f07fed54c827bf27955e4193 b85a44c80d46f662eb3731bbcf702ef642d2db1b98ace95c823935c4c094876a
SERVER_HANDSHAKE_TRAFFIC_SECRET 60345e74f2e9efacb30bf03e9476d3b4560526c4f07fed54c827bf27955e4193 917d1d3640ce8477b38024173cf42ff8117847e67aaa95f3f24d9277af4f6a41
CLIENT_TRAFFIC_SECRET_0 3d6872aff1830874226784519c59b23d40cb093611d30e60cde995b08856fede 9b11fd1ac983af2dde7537a93c20e4e3a9cc01b8734e4b08099f273ca099a83a
SERVER_TRAFFIC_SECRET_0 3d6872aff1830874226784519c59b23d40cb093611d30e60cde995b08856fede 008e6300e30a1df413ce54b8c868b4fcaf81789dea4f6e09ca00bbca1e3040d7
EXPORTER_SECRET 3d6872aff1830874226784519c59b23d40cb093611d30e60cde995b08856fede 9c38ea1c75146a89e9354b703f2c80c5bf114ac3af164d9c5e0b3bd4c8255416
CLIENT_HANDSHAKE_TRAFFIC_SECRET f9f3c63ae578f1f7e7a090c8b0971c2ff200c3bbec25ca489dcef768af55aba9 20857c04d2337e91bb1b1c546fdb4795b10a6fc5ee0f603db1701fa5e0380836
SERVER_HANDSHAKE_TRAFFIC_SECRET f9f3c63ae578f1f7e7a090c8b0971c2ff200c3bbec25ca489dcef768af55aba9 d223ef499f279ccacaf2e9a5e13e3de390ff69f1a31db9fdb0d59e104f6c4372
CLIENT_TRAFFIC_SECRET_0 f9f3c63ae578f1f7e7a090c8b0971c2ff200c3bbec25ca489dcef768af55aba9 ca189c7791408d9f9f47fac498ec7432a05901715aa6afba7d1db1e713037b8e
SERVER_TRAFFIC_SECRET_0 f9f3c63ae578f1f7e7a090c8b0971c2ff200c3bbec25ca489dcef768af55aba9 70de105b8efdfb98b6c8056d3259342f3becf5b97f4812e3f07d29395ee3e7a2
EXPORTER_SECRET f9f3c63ae578f1f7e7a090c8b0971c2ff200c3bbec25ca489dcef768af55aba9 7a7103651ea28b085778f1567d1b465f111b4981cd831584acb46fb824d57304
CLIENT_TRAFFIC_SECRET_0 60345e74f2e9efacb30bf03e9476d3b4560526c4f07fed54c827bf27955e4193 5c18ad7c3fc9a7a1ae18bb2eee9834350e60a6a23fe4e234115450e7aec39120
SERVER_TRAFFIC_SECRET_0 60345e74f2e9efacb30bf03e9476d3b4560526c4f07fed54c827bf27955e4193 7f9768f9f583fedfcd3adf96d8dd709a07d747e3ce15edb2119698121403d0d1
EXPORTER_SECRET 60345e74f2e9efacb30bf03e9476d3b4560526c4f07fed54c827bf27955e4193 bda0c8a028e8a5ba13bed1d84c03cf5dfb17365eb9f2918f8f192abe854b47f5
CLIENT_HANDSHAKE_TRAFFIC_SECRET 2e22de2aa69e0e832d0da9c9e7af00d3ca4f02ee9d566ffc4e416dc6f060bb7d 8708c47cd61360bbcfef93f66938478bd5f0256dea0435ff3d42e4a19bdad090
SERVER_HANDSHAKE_TRAFFIC_SECRET 2e22de2aa69e0e832d0da9c9e7af00d3ca4f02ee9d566ffc4e416dc6f060bb7d cddf464e70f8aa639c8ec80b27589e46ad33a3601c8a22a6755587c1df471d2e
CLIENT_TRAFFIC_SECRET_0 2e22de2aa69e0e832d0da9c9e7af00d3ca4f02ee9d566ffc4e416dc6f060bb7d 10af5424b52cd92bdf1af1a520ce363911b46dca282dbabb9a929df07dea8f33
SERVER_TRAFFIC_SECRET_0 2e22de2aa69e0e832d0da9c9e7af00d3ca4f02ee9d566ffc4e416dc6f060bb7d fbc400c1aba90a3bfa1fbbba5ebb5e11f2a80c23259bb3b06f8ff0ce4e1c5d06
EXPORTER_SECRET 2e22de2aa69e0e832d0da9c9e7af00d3ca4f02ee9d566ffc4e416dc6f060bb7d f3c931988b089b9d94302710654274bf1a3306d06ec6df6080058b4a708121d0
CLIENT_HANDSHAKE_TRAFFIC_SECRET 46a48150555500cd4527b4f516bc6ccfacf248c6318e4ec226713263c2e033b2 6c982d3ae393d95fce2ddcd9e16e97be34cdac3f8cd54d860f3317c01219e470
SERVER_HANDSHAKE_TRAFFIC_SECRET 46a48150555500cd4527b4f516bc6ccfacf248c6318e4ec226713263c2e033b2 d345be780708e051b4a2c3813d58ed50849cf4c45d9e483daa4ee5d9d51a4775
CLIENT_TRAFFIC_SECRET_0 46a48150555500cd4527b4f516bc6ccfacf248c6318e4ec226713263c2e033b2 38ab3bf1fd3eee2e8372a0384a4fd348d852c27c4522c640efc93421cede8380
SERVER_TRAFFIC_SECRET_0 46a48150555500cd4527b4f516bc6ccfacf248c6318e4ec226713263c2e033b2 fbeb296a78cfda356821b88cf547c8b771dc85749379779f817eff9299438d7d
EXPORTER_SECRET 46a48150555500cd4527b4f516bc6ccfacf248c6318e4ec226713263c2e033b2 0cac11c57222e0c1fb91c6e49c9586e597adb8993a65455014a15962cba41b99
CLIENT_HANDSHAKE_TRAFFIC_SECRET f552cb35639c4bf0d07a1c527749c28f8b6db15b25e1d87ec5b4d7108d30d5af 7479b41f08bb3a83613edd54d2fb38518c8dc1c210ca4ee2fda5a627246e0bfa
SERVER_HANDSHAKE_TRAFFIC_SECRET f552cb35639c4bf0d07a1c527749c28f8b6db15b25e1d87ec5b4d7108d30d5af b0246e3fe3abc3b435118c3ed214a68bf5a6a6b2c9394840dcb950a3362ba12b
CLIENT_TRAFFIC_SECRET_0 f552cb35639c4bf0d07a1c527749c28f8b6db15b25e1d87ec5b4d7108d30d5af f7acdef509b53f8dc0e1d26e3bace78c60f2b5c8fd5b47ce69ace7754c7214ff
SERVER_TRAFFIC_SECRET_0 f552cb35639c4bf0d07a1c527749c28f8b6db15b25e1d87ec5b4d7108d30d5af b16c402469cd7021740d4aa2585f6e37c01ff67213b9c5f324665bf4a1f32a3c
EXPORTER_SECRET f552cb35639c4bf0d07a1c527749c28f8b6db15b25e1d87ec5b4d7108d30d5af 2c0735348c34e9ce434e556287df366846748ad7e8c57cb2ff4f77a1140c4348
CLIENT_HANDSHAKE_TRAFFIC_SECRET bc2603a8bf465c5202676120cae059cd3360348b6b8e5f68a248a1d2f052abb4 3d6b1c3e6dccb3ef645cc9a3adb9217c4274ee3fdde752a6198c7101179b9d69
SERVER_HANDSHAKE_TRAFFIC_SECRET bc2603a8bf465c5202676120cae059cd3360348b6b8e5f68a248a1d2f052abb4 281f00a6c84034fcd435876de70124f8e38b7c50da4ccae8ed47329209265d4a
CLIENT_HANDSHAKE_TRAFFIC_SECRET d56270b073034d254d269c9d5b1abd1a9420babb0e2555b4621aff094c56a497 1823e5c08d3ddc38fce655b8b2217676b07468fd966c4cabd8420a6e6fadb686
SERVER_HANDSHAKE_TRAFFIC_SECRET d56270b073034d254d269c9d5b1abd1a9420babb0e2555b4621aff094c56a497 824cc71f2349cff7ca36095529e00165d71d48134c33a932be19f2a6d16e9b5d
CLIENT_TRAFFIC_SECRET_0 bc2603a8bf465c5202676120cae059cd3360348b6b8e5f68a248a1d2f052abb4 9e9adc9f1758dadb15b92210482bc1b7e215df1793c2461131367f5a34b8fa61
SERVER_TRAFFIC_SECRET_0 bc2603a8bf465c5202676120cae059cd3360348b6b8e5f68a248a1d2f052abb4 afa24a116a6c092806de3c05df11dc619313499d3dc4c25eb6627ae29e34c12e
EXPORTER_SECRET bc2603a8bf465c5202676120cae059cd3360348b6b8e5f68a248a1d2f052abb4 a382cb0c79d435bc456f52a5ed10efea0a63d916c0ce4804413d9138aae53878
CLIENT_TRAFFIC_SECRET_0 d56270b073034d254d269c9d5b1abd1a9420babb0e2555b4621aff094c56a497 12ddbdf571d6426b0a587ae2764c69dd827d75908bb3b41287659b8b3074d10d
SERVER_TRAFFIC_SECRET_0 d56270b073034d254d269c9d5b1abd1a9420babb0e2555b4621aff094c56a497 3173ad7cfd4c38f66d0c64a3912336755c16b2b2823d94b0199063f7b9372bfb
EXPORTER_SECRET d56270b073034d254d269c9d5b1abd1a9420babb0e2555b4621aff094c56a497 c4c9e83cb647604f2383a9642389b40cf99c37f9242b608dac10bf0d560f6113
CLIENT_HANDSHAKE_TRAFFIC_SECRET 28b470f4f53c76f9527822ef825a1ae9cba7ee66da620d0d3fcd9670fcf40bf8 ae996d924f9b45e92280dc85b33fa1301c3bc1065a912afaf07d4fcc685cb483
SERVER_HANDSHAKE_TRAFFIC_SECRET 28b470f4f53c76f9527822ef825a1ae9cba7ee66da620d0d3fcd9670fcf40bf8 fbb53926ee6ad7a6bb1d32d9f347a9bc9f8e76605763decded68d8a8d383f277
CLIENT_HANDSHAKE_TRAFFIC_SECRET 346ade0dfe80b20ad167e1a83d643b719d60b09d9aad89bd356ca2e53002e79c 191284d16e1e078518105c96bc6659b7cb9fdfcdad1343e5bb5e5015328b4988
SERVER_HANDSHAKE_TRAFFIC_SECRET 346ade0dfe80b20ad167e1a83d643b719d60b09d9aad89bd356ca2e53002e79c 49e1cb5f097b3a79979012d3249459b8ed8dee04fba4b82edea7cae6da2810a0
CLIENT_TRAFFIC_SECRET_0 28b470f4f53c76f9527822ef825a1ae9cba7ee66da620d0d3fcd9670fcf40bf8 64f102cf3dc9509ba9d605836e0698a818ef640b7873801b5d885d42152a4fa0
SERVER_TRAFFIC_SECRET_0 28b470f4f53c76f9527822ef825a1ae9cba7ee66da620d0d3fcd9670fcf40bf8 25a7749ae0e192c5857e1ad85dc0a4e3e5668d6715f4f7b17f3e1e51f0981b1a
EXPORTER_SECRET 28b470f4f53c76f9527822ef825a1ae9cba7ee66da620d0d3fcd9670fcf40bf8 1fea4aaf5546373e68f43ddf80f853e8e5f17707b71673e4356ed83d2842b5d1
CLIENT_TRAFFIC_SECRET_0 346ade0dfe80b20ad167e1a83d643b719d60b09d9aad89bd356ca2e53002e79c 2ecb3069aa0f743e22662b5abbe38fb9297dad7d69c1eaed2b02002ccc0c53ed
SERVER_TRAFFIC_SECRET_0 346ade0dfe80b20ad167e1a83d643b719d60b09d9aad89bd356ca2e53002e79c 195ea13cc9d07fcb9f1cc2cfc8b3bec4d61dbfd4b978b64fd936034cd8a723ba
EXPORTER_SECRET 346ade0dfe80b20ad167e1a83d643b719d60b09d9aad89bd356ca2e53002e79c 4f3834f646275b3d9c11d79b9064b95e7453b522ce426dd5913ad280c2538f85
CLIENT_HANDSHAKE_TRAFFIC_SECRET f173b5c74c6fdae0f30c95f56c40ac72b4e68eceb84a210663ed859e140fcb79 bb812221f753061ca61b36d6b1494d4fa3d266a90399300162c00ad5a8c5e3b3
SERVER_HANDSHAKE_TRAFFIC_SECRET f173b5c74c6fdae0f30c95f56c40ac72b4e68eceb84a210663ed859e140fcb79 f014a276de047035ca49aed3a0168296d1d971fc3e5846a648f349cbbab45781
CLIENT_TRAFFIC_SECRET_0 f173b5c74c6fdae0f30c95f56c40ac72b4e68eceb84a210663ed859e140fcb79 d19c76b02bad72d9c0f3888501f43728562e228ca64a42208620a83f6cd21866
SERVER_TRAFFIC_SECRET_0 f173b5c74c6fdae0f30c95f56c40ac72b4e68eceb84a210663ed859e140fcb79 d303f4677b0f1ece7f64758f6aac9a836b49a0026f8c156c95cd1546e8f73d16
EXPORTER_SECRET f173b5c74c6fdae0f30c95f56c40ac72b4e68eceb84a210663ed859e140fcb79 df4bee71ce65f2c51d4c2757ead619747c8caa6af972fd573181949cfc8ce5cc
CLIENT_HANDSHAKE_TRAFFIC_SECRET 6c61150aef902be47bbb2c5ae008583ba0e4ec06356fc1f78a1e6ed868e77ae6 87bdd3658005ad244a0b1c934e8a74bcabe43d7ccb3e1c39a2c73d1bab0dbf8a
SERVER_HANDSHAKE_TRAFFIC_SECRET 6c61150aef902be47bbb2c5ae008583ba0e4ec06356fc1f78a1e6ed868e77ae6 6bdc7d8e94891f944faa73ceaca934c338bc2c5fae1e340235faed7567f482af
CLIENT_TRAFFIC_SECRET_0 6c61150aef902be47bbb2c5ae008583ba0e4ec06356fc1f78a1e6ed868e77ae6 dca69411c3233356bcceb079e7fd44b0ca91733a7688e4f512c584611e3f01a0
SERVER_TRAFFIC_SECRET_0 6c61150aef902be47bbb2c5ae008583ba0e4ec06356fc1f78a1e6ed868e77ae6 957247e9490940548551684b80f6ffa355317fc926a56f3e2b4970bb9e4ad4e6
EXPORTER_SECRET 6c61150aef902be47bbb2c5ae008583ba0e4ec06356fc1f78a1e6ed868e77ae6 cf55daece2c26afece3e4548d35e4d4cc3058ef8aaeaba134b0cf076c41e762c
CLIENT_HANDSHAKE_TRAFFIC_SECRET 144f9fc0e856d779c76c9103b81595f3e5925dbbe0afb287bb5ac7fdb44f154e 0210138c526cc2265bfa74d9d4859367a1fa96d80b390d40e5aa7f150c3cf292
SERVER_HANDSHAKE_TRAFFIC_SECRET 144f9fc0e856d779c76c9103b81595f3e5925dbbe0afb287bb5ac7fdb44f154e 7d309351492e6819d8c1fc8738ddec61b48d6f35f245ae825c579a7381dcd7a4
CLIENT_HANDSHAKE_TRAFFIC_SECRET 86254e3cdae570149009e100fff8da3b021fa6fd2f8c2c6cff8c0a33698abf9a c6bc7d26f98aa5db6842bb7b4a6c5cfe403baff0ddee3dfd3a90230eccaa0f7f
SERVER_HANDSHAKE_TRAFFIC_SECRET 86254e3cdae570149009e100fff8da3b021fa6fd2f8c2c6cff8c0a33698abf9a be98cadd1b3bcc6fdd6d367bb8a5480ddd1d3c0a37972250ff680024de26f6a8
CLIENT_TRAFFIC_SECRET_0 144f9fc0e856d779c76c9103b81595f3e5925dbbe0afb287bb5ac7fdb44f154e c9d1f65c40cd9190c43c9dfba9772aaf88336814cbd2a7cc40a18b0e206b4393
SERVER_TRAFFIC_SECRET_0 144f9fc0e856d779c76c9103b81595f3e5925dbbe0afb287bb5ac7fdb44f154e cf9055b2899163ea6bba18867221f5de834dabec5e3472349c8a2d46056eaabd
EXPORTER_SECRET 144f9fc0e856d779c76c9103b81595f3e5925dbbe0afb287bb5ac7fdb44f154e e0f444d00f568653a2b3d8158a9a6a9c1191d9e2b76f6bf844fee735069440b5
CLIENT_TRAFFIC_SECRET_0 86254e3cdae570149009e100fff8da3b021fa6fd2f8c2c6cff8c0a33698abf9a cf68ad29e66b1a614f8aa8cd5506c9259c730c77c1173879e655eef49389bdf5
SERVER_TRAFFIC_SECRET_0 86254e3cdae570149009e100fff8da3b021fa6fd2f8c2c6cff8c0a33698abf9a 3b09e1652762cb0d1991b1e20351340fdd3b8b7cada5b97c37bfb2622128d3eb
EXPORTER_SECRET 86254e3cdae570149009e100fff8da3b021fa6fd2f8c2c6cff8c0a33698abf9a b63bd27166629c5d7413096df6791e1c8cfb03518b9b63bb4075f003012892a2
CLIENT_HANDSHAKE_TRAFFIC_SECRET 065a7063b3f3d059c68a6e97b290a3af2b5dff2b15bc0550c0885208ee77c487 003151e14b5958047fc37ce2661410216222c6e4930f635c409c17557811ccd9
SERVER_HANDSHAKE_TRAFFIC_SECRET 065a7063b3f3d059c68a6e97b290a3af2b5dff2b15bc0550c0885208ee77c487 6dd33768c5eb4aa036f14f23b060a980d6ade02b563a496781e681aac28acc96
CLIENT_TRAFFIC_SECRET_0 065a7063b3f3d059c68a6e97b290a3af2b5dff2b15bc0550c0885208ee77c487 e19b1078a20c1a03c3f3ec56de2f9f41d20e61a5238447a71da4ab60cbcb517c
SERVER_TRAFFIC_SECRET_0 065a7063b3f3d059c68a6e97b290a3af2b5dff2b15bc0550c0885208ee77c487 0c92b8f2f6c7e902113c1b94cb050ce2e35b1af02c6dad17a1695e9c8743ac8c
EXPORTER_SECRET 065a7063b3f3d059c68a6e97b290a3af2b5dff2b15bc0550c0885208ee77c487 67f4a73020f43582205e48767c8e2e206bf209d9b9adb2c64928abb2547f4a5a
CLIENT_HANDSHAKE_TRAFFIC_SECRET 05e9be5e8621f5c0797dc54cca196ab14669db112da5603d3c0bf1fd9e2ee705 ef6b75d2e7e2d6c12b2f4e9f9ef8d3abd50d7137e227618886e6e4ce0c6b5d53
SERVER_HANDSHAKE_TRAFFIC_SECRET 05e9be5e8621f5c0797dc54cca196ab14669db112da5603d3c0bf1fd9e2ee705 248b80c41e6721324bd4272d747492c8a3ad20c41eee55c38d09667fc2a1f067
CLIENT_TRAFFIC_SECRET_0 05e9be5e8621f5c0797dc54cca196ab14669db112da5603d3c0bf1fd9e2ee705 4c63665e4ebb6db75481f6ed8f8570a61d7a90f702faccbb13989a24a273217f
SERVER_TRAFFIC_SECRET_0 05e9be5e8621f5c0797dc54cca196ab14669db112da5603d3c0bf1fd9e2ee705 66967dc07fd978f6e63d2aa0f19f020f59939597a6b8e2a9009fa27ac9904454
EXPORTER_SECRET 05e9be5e8621f5c0797dc54cca196ab14669db112da5603d3c0bf1fd9e2ee705 318d27f032c50d97e3c6638d1780f54c8367d187046ce6f8cf257190522cc488
CLIENT_HANDSHAKE_TRAFFIC_SECRET 61b8c250f1abbaaf0308536ad6d615cdca7de465b9c43c90bf0d838aecacde9e 53a918e36e05c85c2aed8fdd3d5c66b0dff029d0da49c6f214bf04d449ab3d40
SERVER_HANDSHAKE_TRAFFIC_SECRET 61b8c250f1abbaaf0308536ad6d615cdca7de465b9c43c90bf0d838aecacde9e aa3cd96d4b8ea6c833a3caa41ef1ff000c168f5f7c8c5e9aa79d969a261a622a
CLIENT_TRAFFIC_SECRET_0 61b8c250f1abbaaf0308536ad6d615cdca7de465b9c43c90bf0d838aecacde9e 49a01304b0f29fe3efa19e74d250ac918dc12a1d323528c105469bb6dbb9c89c
SERVER_TRAFFIC_SECRET_0 61b8c250f1abbaaf0308536ad6d615cdca7de465b9c43c90bf0d838aecacde9e 21f7d073c064575baaff08a6dbde8355d7d20221ef80920219b410ca8d0da73d
EXPORTER_SECRET 61b8c250f1abbaaf0308536ad6d615cdca7de465b9c43c90bf0d838aecacde9e 872961261434be992fd3d55ec29cc9f996f6dcc7062db818e4cca847fa0eacbd
CLIENT_HANDSHAKE_TRAFFIC_SECRET 4222e71188c6f8a66044ab50b2d6cf702b4a270fc93302f5b81cd206402300a3 87f2a307e5a437e8cbfc21279dcd68a1f766990097ae92780505810d1645d366
SERVER_HANDSHAKE_TRAFFIC_SECRET 4222e71188c6f8a66044ab50b2d6cf702b4a270fc93302f5b81cd206402300a3 d2e6a634c126eac03aabcc63fb537a597e0da63333e2f84f0cf857c23b564d7a
CLIENT_TRAFFIC_SECRET_0 4222e71188c6f8a66044ab50b2d6cf702b4a270fc93302f5b81cd206402300a3 4d682f73ffa1f1ccfedc60137cd74ab886840300df4e3cffe3217c499b4a3bc8
SERVER_TRAFFIC_SECRET_0 4222e71188c6f8a66044ab50b2d6cf702b4a270fc93302f5b81cd206402300a3 9303f65de8888340a658f99cd12ec8e32cda4a084d06902a76fcb949b7e32bde
EXPORTER_SECRET 4222e71188c6f8a66044ab50b2d6cf702b4a270fc93302f5b81cd206402300a3 4717e9f70a4282eee2f4715b387026d38b9ec48af89b5a064c6a658bb378be8e
CLIENT_HANDSHAKE_TRAFFIC_SECRET cb229244a480183bc72905ffaff4a49353aac3ade5cf74d128099a12acf649fb 62a13f91b3dcf91f47fb5b61b4ff009c1779cf07a41c2c7717c33fc9233f875b
SERVER_HANDSHAKE_TRAFFIC_SECRET cb229244a480183bc72905ffaff4a49353aac3ade5cf74d128099a12acf649fb 46a1a000ad15227c27d708e3655978bec02b829832ca900a135d176c9036f12f
CLIENT_TRAFFIC_SECRET_0 cb229244a480183bc72905ffaff4a49353aac3ade5cf74d128099a12acf649fb f5a5c62f7403e39e763c4da37655fc5522e27617de2cd28e0afef8c8bb89f04c
SERVER_TRAFFIC_SECRET_0 cb229244a480183bc72905ffaff4a49353aac3ade5cf74d128099a12acf649fb 2a7525a202c5eec5956e2511fdcaf22c9adb9320b659fb9797909043b08be0e6
EXPORTER_SECRET cb229244a480183bc72905ffaff4a49353aac3ade5cf74d128099a12acf649fb 8e75c4ef80641fc0e01485b148ffbb0cbc6d7035b2cc7f6839ae25af4308b784
CLIENT_EARLY_TRAFFIC_SECRET ae83bec4dc3a8ef9379bcdcba6f45a4b1db4248269204583f41bc9f135200cd5 67b29b930d6386c22e12411e17486986b9f72a94efc0ce6a46e910b628c83552
CLIENT_HANDSHAKE_TRAFFIC_SECRET ae83bec4dc3a8ef9379bcdcba6f45a4b1db4248269204583f41bc9f135200cd5 650893b10078f9843a45bf2a4d0a701b25cd781a19065f29e7bed958d5716377
SERVER_HANDSHAKE_TRAFFIC_SECRET ae83bec4dc3a8ef9379bcdcba6f45a4b1db4248269204583f41bc9f135200cd5 d1c9266ec7cb89c0e670dd146c647a67326cce591d2b0a55652f0c453dcc7e9b
CLIENT_TRAFFIC_SECRET_0 ae83bec4dc3a8ef9379bcdcba6f45a4b1db4248269204583f41bc9f135200cd5 f19886a3da6924937771e219ecb64e8f9b985eec9038e7562181949d344990a0
SERVER_TRAFFIC_SECRET_0 ae83bec4dc3a8ef9379bcdcba6f45a4b1db4248269204583f41bc9f135200cd5 5cd2df47e06e8e64a7afdbecb5fa6ac840e6d51fdefb8a1cc158235d9bc5dbfa
EXPORTER_SECRET ae83bec4dc3a8ef9379bcdcba6f45a4b1db4248269204583f41bc9f135200cd5 5ed7c2cae9fe9198ba8f98d1ce6c4dd4f8c5f6928fcffaa2c5f4faa63b9bb5b3
CLIENT_HANDSHAKE_TRAFFIC_SECRET cbad80319d4273088c7356c2c9978b5fa689a5ea08fe52324bf6db925953638b 0c81893f1414a277ad65cb8fab776996aaa45917c6687d624adf3e0da098125e
SERVER_HANDSHAKE_TRAFFIC_SECRET cbad80319d4273088c7356c2c9978b5fa689a5ea08fe52324bf6db925953638b 6e148c3bd3a29c2b303f1eca8b3036902ffa6dde8c3bd3fc0c4bb09fe7bf1286
CLIENT_HANDSHAKE_TRAFFIC_SECRET 0862b807262229296f26992d8d428c5bf33e886419938c11aeb5d1c41b970f63 0b59b76b89d046da1dea6948345b877988a239723a9ccf0444feb4f5cd6d35ad
SERVER_HANDSHAKE_TRAFFIC_SECRET 0862b807262229296f26992d8d428c5bf33e886419938c11aeb5d1c41b970f63 cc5316efe65f23132341780d6f654f5d82e46bbaccc3b5eeb895b7e42cf041df
CLIENT_TRAFFIC_SECRET_0 cbad80319d4273088c7356c2c9978b5fa689a5ea08fe52324bf6db925953638b e8e8b737c9ba46b9544760764063662bbc6a6baa7fec70533d01ae0a36dc42e2
SERVER_TRAFFIC_SECRET_0 cbad80319d4273088c7356c2c9978b5fa689a5ea08fe52324bf6db925953638b ad9eb50b2022a3bb3203c0ff882896e6581ed68f29409ebbe86b85c321a1bfeb
EXPORTER_SECRET cbad80319d4273088c7356c2c9978b5fa689a5ea08fe52324bf6db925953638b 68a8eeb7fd749cef550749d90993e14a20972f227f316ce41baf995deb5a2e08
CLIENT_TRAFFIC_SECRET_0 0862b807262229296f26992d8d428c5bf33e886419938c11aeb5d1c41b970f63 7cabd7f9af91a3735e9bc15d81a81d9fbfc484404dad44d0fa4ad037d4a9d042
SERVER_TRAFFIC_SECRET_0 0862b807262229296f26992d8d428c5bf33e886419938c11aeb5d1c41b970f63 13324f9d86f91a1a040bf09cdea04fdba9128af487c0f50cadc3541a25496e3b
EXPORTER_SECRET 0862b807262229296f26992d8d428c5bf33e886419938c11aeb5d1c41b970f63 a89a728316fe6d5aa3f1b3502e98d756ba2c8bb3963e49b193675ffac15cc664
CLIENT_HANDSHAKE_TRAFFIC_SECRET 3e3476c28f32e8119d6555ab34302f552a2444bd8ba1816cc6579a4931d29385 ef592a5ea1d1a1fd14653c96ca47048fea2639c9343fb09425f99a54d24cb3b8
SERVER_HANDSHAKE_TRAFFIC_SECRET 3e3476c28f32e8119d6555ab34302f552a2444bd8ba1816cc6579a4931d29385 29cdeb0243d26976d28a4739ae4af6afd72c05c7e0cd78557f3ca27eb3679adb
CLIENT_TRAFFIC_SECRET_0 3e3476c28f32e8119d6555ab34302f552a2444bd8ba1816cc6579a4931d29385 bb491c7dbe43d9eaa11cf2ef1ed9fa99541d7b1182746a0360d7d019a2c30c09
SERVER_TRAFFIC_SECRET_0 3e3476c28f32e8119d6555ab34302f552a2444bd8ba1816cc6579a4931d29385 f3690205677a485d5b2129ee1087cdba9815a8e256cb1117a445bf3b0f2bc4f1
EXPORTER_SECRET 3e3476c28f32e8119d6555ab34302f552a2444bd8ba1816cc6579a4931d29385 94d3ad8ed3cfb85bbc09c71d147b04855e536399a286473fe4459f75ed84d5a5
CLIENT_HANDSHAKE_TRAFFIC_SECRET d59b60208683087b3c68fe2ac4a1a679edb02d2f83548bc099ed56a791ddd534 f9357f08019e187e34ab0d9539947023f8cab97bf829711587958a26df0c138a
SERVER_HANDSHAKE_TRAFFIC_SECRET d59b60208683087b3c68fe2ac4a1a679edb02d2f83548bc099ed56a791ddd534 c8098b61c5d5d81ea220ddc9b4966984b22dc7e2a4d52f4e48bd79555130ca11
CLIENT_HANDSHAKE_TRAFFIC_SECRET cc8d6bd35062c31caffb18391ed16242b7518e024d1575e9ce5009f2c2ee702a 90d0e8f3d0562ddf249b9ec3531fd1440d3d342fa2cce50071380fe9dabdda77
SERVER_HANDSHAKE_TRAFFIC_SECRET cc8d6bd35062c31caffb18391ed16242b7518e024d1575e9ce5009f2c2ee702a 6a736a2585c11fd746d4e95ac9ad4cf6dc2045a19c70e79148ed33bb59564d6d
CLIENT_TRAFFIC_SECRET_0 d59b60208683087b3c68fe2ac4a1a679edb02d2f83548bc099ed56a791ddd534 8bbaf300799f76fcd26136a9add18d647b8e5ee1f14d68e7b24bef5908c048ae
SERVER_TRAFFIC_SECRET_0 d59b60208683087b3c68fe2ac4a1a679edb02d2f83548bc099ed56a791ddd534 53f33cc1bfd8e8aa9a51f7433805e29909a5e341c9f4563e111e01ae37e4c7b5
EXPORTER_SECRET d59b60208683087b3c68fe2ac4a1a679edb02d2f83548bc099ed56a791ddd534 abd4888869c146c2b1d84a54d157e2dca5b8f1e0521f9705f004a55fcfeb49be
CLIENT_TRAFFIC_SECRET_0 cc8d6bd35062c31caffb18391ed16242b7518e024d1575e9ce5009f2c2ee702a 81ccf5ff391f549cf8f08e0402e1e38b02e2ff58a4e05fcdccc738d29e92c9f5
SERVER_TRAFFIC_SECRET_0 cc8d6bd35062c31caffb18391ed16242b7518e024d1575e9ce5009f2c2ee702a 0fa82f435b6967269e7ed27c9bb74d6923b1a80c4273ec08edb76ebaa6dcb614
EXPORTER_SECRET cc8d6bd35062c31caffb18391ed16242b7518e024d1575e9ce5009f2c2ee702a 8150e5fcab7a3966a31d9839bca1f378088d00afc2693f9e50c09b221f081ff2
CLIENT_HANDSHAKE_TRAFFIC_SECRET 2e6c41c0728b97a21e7f00ed5f829305becc1bdddffe9c3817aa202298461ff2 59010f392c1ab5956060a4f5a923586ebd3e3cdcf06a50b36383c59b99aa5363
SERVER_HANDSHAKE_TRAFFIC_SECRET 2e6c41c0728b97a21e7f00ed5f829305becc1bdddffe9c3817aa202298461ff2 cc80f6b0b918d3140bff6cc75101a001b3e566dead6e2b5db4f8169fc48595f3
CLIENT_TRAFFIC_SECRET_0 2e6c41c0728b97a21e7f00ed5f829305becc1bdddffe9c3817aa202298461ff2 eae8696770fc9991ec44b115092969ef7a1ef7dfe76df029c1d06848ede76cd3
SERVER_TRAFFIC_SECRET_0 2e6c41c0728b97a21e7f00ed5f829305becc1bdddffe9c3817aa202298461ff2 c17c6db0f0193cc7085b1409cd042d259e14038162b6f2ba58bbf0436ab973ac
EXPORTER_SECRET 2e6c41c0728b97a21e7f00ed5f829305becc1bdddffe9c3817aa202298461ff2 ab837b7b543543ede8db71508f4bb478e009178c9c55f7923d00a8d953256e34
CLIENT_HANDSHAKE_TRAFFIC_SECRET 44c0f84ba7e2e02eaf20f1ac18acc2e9cf1a3c4431a94eda4e8388504cb361db 6fd6c503649762948e042da03805ebb6d8091932acb0643544da732149a310e1
SERVER_HANDSHAKE_TRAFFIC_SECRET 44c0f84ba7e2e02eaf20f1ac18acc2e9cf1a3c4431a94eda4e8388504cb361db cedd5e1e3b5aca45d1d2d8f58b764f1e0b3680bf15ea4178a59c785b31a72cbb
CLIENT_TRAFFIC_SECRET_0 44c0f84ba7e2e02eaf20f1ac18acc2e9cf1a3c4431a94eda4e8388504cb361db a79bc7a54a0988ea5e337971d62f8b541469844d11d93830d4bc658528e53e5f
SERVER_TRAFFIC_SECRET_0 44c0f84ba7e2e02eaf20f1ac18acc2e9cf1a3c4431a94eda4e8388504cb361db 02563215823e36f45928a2b13efb8f9aceb26075c09ab9d72f692d8907da736f
EXPORTER_SECRET 44c0f84ba7e2e02eaf20f1ac18acc2e9cf1a3c4431a94eda4e8388504cb361db 057879d5ed5f5707455d850e02df9e911425d0ad59c2f149afff79627dbd70ac
CLIENT_HANDSHAKE_TRAFFIC_SECRET d302b3fc1e5b5c6a2d195516a46e3e251da36d67c33893ef4cd74418737ca5e4 ac307540f037eaa7f520733993fb8b2125ddd5e2f76ace15f63510935cb379b8
SERVER_HANDSHAKE_TRAFFIC_SECRET d302b3fc1e5b5c6a2d195516a46e3e251da36d67c33893ef4cd74418737ca5e4 d22d6fc202535c879f7d8bc16f6d0925a5802844f718bfdf199eafb67050741c
CLIENT_TRAFFIC_SECRET_0 d302b3fc1e5b5c6a2d195516a46e3e251da36d67c33893ef4cd74418737ca5e4 98d72a78f459c8fc66f8bc591597b3e7a0a9df5dc55d81edc91ababad5bf4552
SERVER_TRAFFIC_SECRET_0 d302b3fc1e5b5c6a2d195516a46e3e251da36d67c33893ef4cd74418737ca5e4 6887d444c7b0f22a1fb59495aba4c07e1fcdb52d6ecb2a72cac25d70e0b9f11d
EXPORTER_SECRET d302b3fc1e5b5c6a2d195516a46e3e251da36d67c33893ef4cd74418737ca5e4 0089dd32b968435a59fd41c7a40dd7e89207684968a4599faa67c3513c36acc2
CLIENT_HANDSHAKE_TRAFFIC_SECRET ec3c2b6668ced76804d602ac0224785e323e9992cc74453a3b20b5594836ab90 bc38b979c63f2a932b6212b4a066b286739d24d55dfb521d768c466de96a75d6
SERVER_HANDSHAKE_TRAFFIC_SECRET ec3c2b6668ced76804d602ac0224785e323e9992cc74453a3b20b5594836ab90 261fd7cbf0156ead05d23e9981c7848089080bd279a15b7da6496f10f6bdedf8
CLIENT_TRAFFIC_SECRET_0 ec3c2b6668ced76804d602ac0224785e323e9992cc74453a3b20b5594836ab90 59789aaeb713dcc29e8d293096fd17211d5600ab7839e9a29de752a65b4f3f4a
SERVER_TRAFFIC_SECRET_0 ec3c2b6668ced76804d602ac0224785e323e9992cc74453a3b20b5594836ab90 86695e35eec40c4c2533aeb75462a15a8910e354124a4a5930f67197d9b2146d
EXPORTER_SECRET ec3c2b6668ced76804d602ac0224785e323e9992cc74453a3b20b5594836ab90 efca818b83e158ab733be9834bdeebfa1837f52e436b7d3ef1b3973942132204
CLIENT_HANDSHAKE_TRAFFIC_SECRET 5817d528e3dd2f9ee96f4000c848db646c611265563b22555bc0140972e49857 0369cb3fd51d50577929a89b504f445ca9ea4d98b6cc74d44b8c5bff8d2571ee9dc0a909afb878b006829f67d55513c3
SERVER_HANDSHAKE_TRAFFIC_SECRET 5817d528e3dd2f9ee96f4000c848db646c611265563b22555bc0140972e49857 b9dbdb481a8acd6f09611d32c06666007323168e060e2913f0bd7214c1058607f2e5fe61178c892505233ce7662c370c
CLIENT_TRAFFIC_SECRET_0 5817d528e3dd2f9ee96f4000c848db646c611265563b22555bc0140972e49857 667f4c92de644ecb121f7c3182425b1bc1cef2adbe2ae003f1ad8d1ccad3cb5e5137254dfe696352104b102b35289837
SERVER_TRAFFIC_SECRET_0 5817d528e3dd2f9ee96f4000c848db646c611265563b22555bc0140972e49857 f186d46bd7089b8ec76d15cc1f43c490f9a93b320a765d60ce81abdbe732b517bee5c73501c3ad0c6c87d598a469a196
EXPORTER_SECRET 5817d528e3dd2f9ee96f4000c848db646c611265563b22555bc0140972e49857 594c20c8942fefc84a142604ed12494d198d818ec6821695e34032a5714eb492f689cc4c6cbe80272510735faeb77ae2
CLIENT_HANDSHAKE_TRAFFIC_SECRET 09b2c7017a2b4f90187e6ac3c4717684ba7d756a9b8a3f1957ed61b51b558574 232f0af12926d3159d55ae5146702566a797241387a8fe4711fbe507ae346a40
SERVER_HANDSHAKE_TRAFFIC_SECRET 09b2c7017a2b4f90187e6ac3c4717684ba7d756a9b8a3f1957ed61b51b558574 7c16c935dcc484eb3cdd3f29ae6b03fb9abe7e7f0752c539ec46530b0c00c44f
CLIENT_TRAFFIC_SECRET_0 09b2c7017a2b4f90187e6ac3c4717684ba7d756a9b8a3f1957ed61b51b558574 1a9b7e5bca7fbf46d43625efb474e64b90ab6c6b3366f0a470f8399bdd460c5f
SERVER_TRAFFIC_SECRET_0 09b2c7017a2b4f90187e6ac3c4717684ba7d756a9b8a3f1957ed61b51b558574 5eea3bd84ca08c94b03a3afff8fde42e7f5acf9ab258776bdf0c6ba55363dea7
EXPORTER_SECRET 09b2c7017a2b4f90187e6ac3c4717684ba7d756a9b8a3f1957ed61b51b558574 4f99bcaecd93d79c567dc1f1d6154239f0c3588d29c19645f8f9434315862894
CLIENT_HANDSHAKE_TRAFFIC_SECRET ca78cacc7c13c65e48914f00c68e5802d4f82bd94ff31f5b693117fa9291121a 4854be028a17b74514b2b2c4c8ded8c3dc554128a9448d20eee9ad1d8485035a
SERVER_HANDSHAKE_TRAFFIC_SECRET ca78cacc7c13c65e48914f00c68e5802d4f82bd94ff31f5b693117fa9291121a 5f13ced705e39c15a7592d7bf68b61b9eb6660ef9cbf5aa6b65386a350f326e2
CLIENT_TRAFFIC_SECRET_0 ca78cacc7c13c65e48914f00c68e5802d4f82bd94ff31f5b693117fa9291121a db8b7603ca3fc6a7a95b043ff0c7c0fef980d820248c8828511d10bfed95a163
SERVER_TRAFFIC_SECRET_0 ca78cacc7c13c65e48914f00c68e5802d4f82bd94ff31f5b693117fa9291121a 323f4bcd0df38eaafecff6c6f1b5b344d2a954479790062f51ad0164ee355038
EXPORTER_SECRET ca78cacc7c13c65e48914f00c68e5802d4f82bd94ff31f5b693117fa9291121a c7f5f862532294e625316918a833c58a3bd8c2a05ff9b0942b504de0e268decb
CLIENT_EARLY_TRAFFIC_SECRET 6b37e64147db5146351eca8e85dc90121cfef1ce24603efb63e09183e79ca04a 0f0184154a92ba7a5c82e7f8c09353b6584d099f0b6bd5106a7202de832992cd
CLIENT_HANDSHAKE_TRAFFIC_SECRET 6b37e64147db5146351eca8e85dc90121cfef1ce24603efb63e09183e79ca04a c8c49beb7dd91d4f8fded1953bc65c55a8304ff9106ad354f829cb52c07c4801
SERVER_HANDSHAKE_TRAFFIC_SECRET 6b37e64147db5146351eca8e85dc90121cfef1ce24603efb63e09183e79ca04a eaa454b4291ca44f6436cf2ded057359fa98d71e9f40d7f7c3410e70d6faf920
CLIENT_TRAFFIC_SECRET_0 6b37e64147db5146351eca8e85dc90121cfef1ce24603efb63e09183e79ca04a d2c8d10e1951c586310382cee62b230f6ef61c16e9c1abac706d8d729ae463c8
SERVER_TRAFFIC_SECRET_0 6b37e64147db5146351eca8e85dc90121cfef1ce24603efb63e09183e79ca04a d4773309f97bdfccad33c2a164fe5fa6f359b1af11ceca4e09b9173c6832240c
EXPORTER_SECRET 6b37e64147db5146351eca8e85dc90121cfef1ce24603efb63e09183e79ca04a fc5bbe685be5340a981683ff61c56f6f9533701987fb089efd06a095265185fc
